<?xml version="1.0" encoding="UTF-8"?>
<!-- Generated by org.testng.reporters.JUnitReportReporter -->
<testsuite hostname="Rajis-Air.attlocal.net" failures="0" tests="2" name="raji.tests.ErrorValidation" time="41.420" errors="0" timestamp="2024-03-06T20:34:15 EST" skipped="0">
  <testcase classname="raji.tests.ErrorValidation" name="productcatalogueerror" time="18.967"/>
  <testcase classname="raji.tests.ErrorValidation" name="loginerrorvalidation" time="22.453"/>
</testsuite> <!-- raji.tests.ErrorValidation -->
