<?xml version="1.0" encoding="UTF-8"?>
<!-- Generated by org.testng.reporters.JUnitReportReporter -->
<testsuite hostname="Rajis-Air.attlocal.net" failures="0" tests="4" name="raji.tests.submitordertest" time="76.401" errors="0" timestamp="2024-03-06T20:34:15 EST" skipped="0">
  <testcase classname="raji.tests.submitordertest" name="samplestandalonetest" time="18.554"/>
  <testcase classname="raji.tests.submitordertest" name="orderhistorytest" time="31.547"/>
  <testcase classname="raji.tests.submitordertest" name="samplestandalonetest" time="15.887"/>
  <testcase classname="raji.tests.submitordertest" name="samplestandalonetest" time="10.413"/>
</testsuite> <!-- raji.tests.submitordertest -->
