<?xml version="1.0" encoding="UTF-8"?>
<!-- Generated by org.testng.reporters.JUnitReportReporter -->
<testsuite hostname="Rajis-Air.attlocal.net" failures="0" tests="1" name="cucumber.TestNGTestRunner" time="10.792" errors="0" timestamp="2024-03-07T11:51:37 EST" skipped="0">
  <testcase classname="cucumber.TestNGTestRunner" name="runScenario" time="10.792"/>
</testsuite> <!-- cucumber.TestNGTestRunner -->
