<?xml version="1.0" encoding="UTF-8"?>
<!-- Generated by org.testng.reporters.JUnitReportReporter -->
<testsuite hostname="Rajis-Air.attlocal.net" failures="0" tests="1" name="cucumber.TestNGTestRunner" time="14.289" errors="0" timestamp="2024-03-06T23:13:48 EST" skipped="0">
  <testcase classname="cucumber.TestNGTestRunner" name="runScenario" time="14.289"/>
</testsuite> <!-- cucumber.TestNGTestRunner -->
